Arguments: 
  C:\Program Files\nodejs\node.exe C:\Users\EAF\AppData\Roaming\npm\node_modules\yarn\bin\yarn.js add typescript –d

PATH: 
  C:\Program Files (x86)\VMware\VMware Player\bin\;C:\Program Files\Java\zulu11.62.17-ca-jdk11.0.18-win_x64\bin;C:\Program Files (x86)\Dev-Cpp\MinGW64\bin;C:\Program Files\Common Files\Oracle\Java\javapath;C:\Program Files\Java\jdk1.7.0_80;C:\Windows\system32;C:\Windows;C:\Windows\System32\Wbem;C:\Windows\System32\WindowsPowerShell\v1.0\;C:\Windows\System32\OpenSSH\;C:\Program Files\Java\zulu11.62.17-ca-jdk11.0.18-win_x64\bin;C:\Program Files\nodejs\;C:\Program Files\dotnet\;C:\Program Files\Git\cmd;C:\DP\.Aulas\Dev\apache-maven-3.8.8\bin;C:\Program Files\Amazon\AWSCLIV2\;;C:\Program Files\Docker\Docker\resources\bin;C:\Users\EAF\AppData\Local\Microsoft\WindowsApps;C:\Users\EAF\AppData\Local\Programs\Microsoft VS Code\bin;C:\Users\EAF\AppData\Roaming\npm;C:\Program Files\heroku\bin;C:\Program Files\JetBrains\IntelliJ IDEA Community Edition 2022.3.3\bin;C:\Program Files\JetBrains\IntelliJ IDEA 2021.1.3\bin;C:\_EAF\Projetos\Desenvolvimento\flutter\bin;C:\Program Files (x86)\EaseUS\Todo Backup\bin\x64\

Yarn version: 
  1.22.19

Node version: 
  18.10.0

Platform: 
  win32 x64

Trace: 
  TypeError [ERR_UNESCAPED_CHARACTERS]: https://registry.yarnpkg.com/–d: Request path contains unescaped characters
      at new NodeError (node:internal/errors:393:5)
      at new ClientRequest (node:_http_client:182:13)
      at Object.request (node:https:360:10)
      at module.exports.Request.start (C:\Users\EAF\AppData\Roaming\npm\node_modules\yarn\lib\cli.js:141452:32)
      at module.exports.Request.end (C:\Users\EAF\AppData\Roaming\npm\node_modules\yarn\lib\cli.js:142211:10)
      at end (C:\Users\EAF\AppData\Roaming\npm\node_modules\yarn\lib\cli.js:141265:14)
      at Immediate.<anonymous> (C:\Users\EAF\AppData\Roaming\npm\node_modules\yarn\lib\cli.js:141279:7)
      at process.processImmediate (node:internal/timers:471:21)

npm manifest: 
  {
    "name": "meusalaoapp",
    "version": "1.0.0",
    "description": "",
    "main": "index.js",
    "scripts": {
      "test": "echo \"Error: no test specified\" && exit 1"
    },
    "keywords": [],
    "author": "",
    "license": "ISC"
  }

yarn manifest: 
  No manifest

Lockfile: 
  No lockfile
